<?xml version="1.0" encoding="UTF-8"?>
<!-- Generated by org.testng.reporters.JUnitXMLReporter -->
<testsuite ignored="0" hostname="DESKTOP-RATHGTN" failures="0" tests="6" name="Default test" time="0.07" errors="0" timestamp="2021-01-27T10:58:14 CET">
  <testcase classname="qaclickacademy.AppiumTest" name="IOSApps" time="0.009"/>
  <testcase classname="qaclickacademy.AppiumTest" name="NativeAppAndroid" time="0.002"/>
  <testcase classname="qaclickacademy.Seleniumtest" name="BrowserAutomation" time="0.001"/>
  <testcase classname="qaclickacademy.Seleniumtest" name="elementsUI" time="0.002"/>
  <testcase classname="qaclickacademy.RestAPITest" name="deleteTwitter" time="0.001"/>
  <testcase classname="qaclickacademy.RestAPITest" name="postJira" time="0.002"/>
</testsuite> <!-- Default test -->
