<?xml version="1.0" encoding="UTF-8"?>
<!-- Generated by org.testng.reporters.JUnitXMLReporter -->
<testsuite ignored="0" hostname="DESKTOP-RATHGTN" failures="0" tests="6" name="Car Loan" time="0.098" errors="0" timestamp="2021-01-26T12:59:46 CET">
  <testcase classname="test.day4" name="LoginAPICarLoan2" time="0.012"/>
  <testcase classname="test.day4" name="LoginMobCarLoan1" time="0.004"/>
  <testcase classname="test.day4" name="LoginWebCarLoan" time="0.005"/>
  <testcase classname="test.day2" name="Web1" time="0.002"/>
  <testcase classname="test.day2" name="Web2" time="0.007"/>
  <testcase classname="test.day2" name="Web3" time="0.002"/>
</testsuite> <!-- Car Loan -->
