<?xml version="1.0" encoding="UTF-8"?>
<!-- Generated by org.testng.reporters.JUnitXMLReporter -->
<testsuite ignored="0" hostname="DESKTOP-RATHGTN" failures="0" tests="10" name="PersonalLoan" time="0.176" errors="0" timestamp="2021-01-21T09:07:35 CET">
  <testcase classname="test.day3" name="MobCarLoan" time="0.012"/>
  <testcase classname="test.day3" name="MobCarLoan2" time="0.004"/>
  <testcase classname="test.day3" name="MobCarLoan3" time="0.002"/>
  <testcase classname="test.day3" name="MobCarLoan4" time="0.002"/>
  <testcase classname="test.day2" name="Web1" time="0.007"/>
  <testcase classname="test.day2" name="Web2" time="0.005"/>
  <testcase classname="test.day2" name="Web3" time="0.004"/>
  <testcase classname="test.day2" name="Web4" time="0.009"/>
  <testcase classname="test.day1" name="Demo" time="0.005"/>
  <testcase classname="test.day1" name="SecondTest" time="0.005"/>
</testsuite> <!-- PersonalLoan -->
