<?xml version="1.0" encoding="UTF-8"?>
<testng-results ignored="0" total="4" passed="4" failed="0" skipped="0">
  <reporter-output>
  </reporter-output>
  <suite started-at="2021-01-27T12:39:47 CET" name="Suite" finished-at="2021-01-27T12:39:47 CET" duration-ms="49">
    <groups>
    </groups>
    <test started-at="2021-01-27T12:39:47 CET" name="Test" finished-at="2021-01-27T12:39:47 CET" duration-ms="49">
      <class name="qaclickacademy.RestAPITest">
        <test-method signature="deleteTwitter()[pri:0, instance:qaclickacademy.RestAPITest@2f54a33d]" started-at="2021-01-27T12:39:47 CET" name="deleteTwitter" finished-at="2021-01-27T12:39:47 CET" duration-ms="0" status="PASS">
          <reporter-output>
          </reporter-output>
        </test-method> <!-- deleteTwitter -->
        <test-method signature="postJira()[pri:0, instance:qaclickacademy.RestAPITest@2f54a33d]" started-at="2021-01-27T12:39:47 CET" name="postJira" finished-at="2021-01-27T12:39:47 CET" duration-ms="0" status="PASS">
          <reporter-output>
          </reporter-output>
        </test-method> <!-- postJira -->
      </class> <!-- qaclickacademy.RestAPITest -->
      <class name="qaclickacademy.SeleniumTest">
        <test-method signature="browserAutomation()[pri:0, instance:qaclickacademy.SeleniumTest@60015ef5]" started-at="2021-01-27T12:39:47 CET" name="browserAutomation" finished-at="2021-01-27T12:39:47 CET" duration-ms="4" status="PASS">
          <reporter-output>
          </reporter-output>
        </test-method> <!-- browserAutomation -->
        <test-method signature="elementsUI()[pri:0, instance:qaclickacademy.SeleniumTest@60015ef5]" started-at="2021-01-27T12:39:47 CET" name="elementsUI" finished-at="2021-01-27T12:39:47 CET" duration-ms="1" status="PASS">
          <reporter-output>
          </reporter-output>
        </test-method> <!-- elementsUI -->
      </class> <!-- qaclickacademy.SeleniumTest -->
    </test> <!-- Test -->
  </suite> <!-- Suite -->
</testng-results>
