<?xml version="1.0" encoding="UTF-8"?>
<!-- Generated by org.testng.reporters.JUnitXMLReporter -->
<testsuite ignored="1" hostname="DESKTOP-RATHGTN" failures="0" tests="2" name="Car Loan" time="0.015" errors="0" timestamp="2021-01-21T11:27:36 CET">
  <testcase classname="test.day4" name="LoginMobCarLoan1" time="0.002"/>
  <testcase classname="test.day4" name="LoginWebCarLoan" time="0.002"/>
  <testcase classname="test.day4" name="LoginAPICarLoan2" time="0.0">
    <ignored/>
  </testcase> <!-- LoginAPICarLoan2 -->
</testsuite> <!-- Car Loan -->
