<?xml version="1.0" encoding="UTF-8"?>
<!-- Generated by org.testng.reporters.JUnitXMLReporter -->
<testsuite ignored="1" hostname="DESKTOP-RATHGTN" failures="0" tests="12" name="Personal Loan" time="0.103" errors="0" timestamp="2021-01-21T11:27:36 CET">
  <testcase classname="test.day3" name="MobCarLoan" time="0.009"/>
  <testcase classname="test.day3" name="MobCarLoan2" time="0.003"/>
  <testcase classname="test.day3" name="MobCarLoan3" time="0.002"/>
  <testcase classname="test.day3" name="MobCarLoan5" time="0.002"/>
  <testcase classname="test.day3" name="MobCarLoan6" time="0.004"/>
  <testcase classname="test.day3" name="MobCarLoan7" time="0.003"/>
  <testcase classname="test.day3" name="MobCarLoan8" time="0.002"/>
  <testcase classname="test.day2" name="Web1" time="0.002"/>
  <testcase classname="test.day2" name="Web2" time="0.002"/>
  <testcase classname="test.day2" name="Web3" time="0.002"/>
  <testcase classname="test.day2" name="Web4" time="0.001"/>
  <testcase classname="test.day1" name="SecondTest" time="0.002"/>
  <testcase classname="test.day1" name="Demo" time="0.0">
    <ignored/>
  </testcase> <!-- Demo -->
</testsuite> <!-- Personal Loan -->
