<?xml version="1.0" encoding="UTF-8"?>
<!-- Generated by org.testng.reporters.JUnitXMLReporter -->
<testsuite ignored="0" hostname="DESKTOP-RATHGTN" failures="0" tests="4" name="Test" time="0.049" errors="0" timestamp="2021-01-27T12:39:47 CET">
  <testcase classname="qaclickacademy.SeleniumTest" name="browserAutomation" time="0.004"/>
  <testcase classname="qaclickacademy.SeleniumTest" name="elementsUI" time="0.001"/>
  <testcase classname="qaclickacademy.RestAPITest" name="deleteTwitter" time="0.0"/>
  <testcase classname="qaclickacademy.RestAPITest" name="postJira" time="0.0"/>
</testsuite> <!-- Test -->
