<?xml version="1.0" encoding="UTF-8"?>
<testng-results ignored="0" total="1" passed="1" failed="0" skipped="0">
  <reporter-output>
  </reporter-output>
  <suite started-at="2021-02-02T09:35:52 CET" name="Default suite" finished-at="2021-02-02T09:36:00 CET" duration-ms="7965">
    <groups>
    </groups>
    <test started-at="2021-02-02T09:35:52 CET" name="Default test" finished-at="2021-02-02T09:36:00 CET" duration-ms="7965">
      <class name="rahulshettyacademy.ExtentReports.ExtentReportDemo">
        <test-method is-config="true" signature="config()[pri:0, instance:rahulshettyacademy.ExtentReports.ExtentReportDemo@5939a379]" started-at="2021-02-02T09:35:52 CET" name="config" finished-at="2021-02-02T09:35:53 CET" duration-ms="324" status="PASS">
          <reporter-output>
          </reporter-output>
        </test-method> <!-- config -->
        <test-method signature="initialDemo()[pri:0, instance:rahulshettyacademy.ExtentReports.ExtentReportDemo@5939a379]" started-at="2021-02-02T09:35:53 CET" name="initialDemo" finished-at="2021-02-02T09:36:00 CET" duration-ms="7599" status="PASS">
          <reporter-output>
          </reporter-output>
        </test-method> <!-- initialDemo -->
      </class> <!-- rahulshettyacademy.ExtentReports.ExtentReportDemo -->
    </test> <!-- Default test -->
  </suite> <!-- Default suite -->
</testng-results>
