<?xml version="1.0" encoding="UTF-8"?>
<!-- Generated by org.testng.reporters.JUnitXMLReporter -->
<testsuite hostname="DESKTOP-RATHGTN" failures="0" tests="4" name="Test" time="29.588" errors="0" timestamp="19 Feb 2021 10:16:34 GMT">
  <testcase classname="Academy.HomePageTest" name="ThisisDemo" time="0.121"/>
  <testcase classname="Academy.NavigationTests" name="navigationBarPresent" time="0.098"/>
  <testcase classname="Academy.LoginTests" name="LoginValidCredentials" time="7.393"/>
  <testcase classname="Academy.LoginTests" name="LoginValidCredentials" time="4.763"/>
</testsuite> <!-- Test -->
