<?xml version="1.0" encoding="UTF-8"?>
<testng-results ignored="0" total="6" passed="6" failed="0" skipped="0">
  <reporter-output>
  </reporter-output>
  <suite started-at="2021-01-27T10:58:13 CET" name="Default suite" finished-at="2021-01-27T10:58:14 CET" duration-ms="70">
    <groups>
    </groups>
    <test started-at="2021-01-27T10:58:13 CET" name="Default test" finished-at="2021-01-27T10:58:14 CET" duration-ms="70">
      <class name="qaclickacademy.AppiumTest">
        <test-method signature="IOSApps()[pri:0, instance:qaclickacademy.AppiumTest@11bd0f3b]" started-at="2021-01-27T10:58:13 CET" name="IOSApps" finished-at="2021-01-27T10:58:14 CET" duration-ms="9" status="PASS">
          <reporter-output>
          </reporter-output>
        </test-method> <!-- IOSApps -->
        <test-method signature="NativeAppAndroid()[pri:0, instance:qaclickacademy.AppiumTest@11bd0f3b]" started-at="2021-01-27T10:58:14 CET" name="NativeAppAndroid" finished-at="2021-01-27T10:58:14 CET" duration-ms="2" status="PASS">
          <reporter-output>
          </reporter-output>
        </test-method> <!-- NativeAppAndroid -->
      </class> <!-- qaclickacademy.AppiumTest -->
      <class name="qaclickacademy.Seleniumtest">
        <test-method signature="BrowserAutomation()[pri:0, instance:qaclickacademy.Seleniumtest@c333c60]" started-at="2021-01-27T10:58:14 CET" name="BrowserAutomation" finished-at="2021-01-27T10:58:14 CET" duration-ms="1" status="PASS">
          <reporter-output>
          </reporter-output>
        </test-method> <!-- BrowserAutomation -->
        <test-method signature="elementsUI()[pri:0, instance:qaclickacademy.Seleniumtest@c333c60]" started-at="2021-01-27T10:58:14 CET" name="elementsUI" finished-at="2021-01-27T10:58:14 CET" duration-ms="2" status="PASS">
          <reporter-output>
          </reporter-output>
        </test-method> <!-- elementsUI -->
      </class> <!-- qaclickacademy.Seleniumtest -->
      <class name="qaclickacademy.RestAPITest">
        <test-method signature="deleteTwitter()[pri:0, instance:qaclickacademy.RestAPITest@79da8dc5]" started-at="2021-01-27T10:58:14 CET" name="deleteTwitter" finished-at="2021-01-27T10:58:14 CET" duration-ms="1" status="PASS">
          <reporter-output>
          </reporter-output>
        </test-method> <!-- deleteTwitter -->
        <test-method signature="postJira()[pri:0, instance:qaclickacademy.RestAPITest@79da8dc5]" started-at="2021-01-27T10:58:14 CET" name="postJira" finished-at="2021-01-27T10:58:14 CET" duration-ms="2" status="PASS">
          <reporter-output>
          </reporter-output>
        </test-method> <!-- postJira -->
      </class> <!-- qaclickacademy.RestAPITest -->
    </test> <!-- Default test -->
  </suite> <!-- Default suite -->
</testng-results>
