<?xml version="1.0" encoding="UTF-8"?>
<!-- Generated by org.testng.reporters.JUnitXMLReporter -->
<testsuite ignored="0" hostname="DESKTOP-RATHGTN" failures="0" tests="4" name="Car Loan" time="0.073" errors="0" timestamp="2021-01-21T09:28:45 CET">
  <testcase classname="test.day3" name="MobCarLoan" time="0.01"/>
  <testcase classname="test.day3" name="MobCarLoan2" time="0.005"/>
  <testcase classname="test.day3" name="MobCarLoan3" time="0.003"/>
  <testcase classname="test.day3" name="MobCarLoan4" time="0.002"/>
</testsuite> <!-- Car Loan -->
