<?xml version="1.0" encoding="UTF-8"?>
<!-- Generated by org.testng.reporters.JUnitXMLReporter -->
<testsuite ignored="3" hostname="DESKTOP-RATHGTN" failures="0" tests="14" name="Regression" time="0.125" errors="0" timestamp="2021-01-25T13:10:03 CET">
  <testcase classname="test.day3" name="MobCarLoan" time="0.008"/>
  <testcase classname="test.day3" name="MobCarLoan2" time="0.003"/>
  <testcase classname="test.day3" name="MobCarLoan5" time="0.002"/>
  <testcase classname="test.day3" name="MobCarLoan6" time="0.002"/>
  <testcase classname="test.day3" name="MobCarLoan7" time="0.002"/>
  <testcase classname="test.day3" name="MobCarLoan8" time="0.003"/>
  <testcase classname="test.day3" name="MobCarLoan9" time="0.002"/>
  <testcase classname="test.day2" name="Web1" time="0.002"/>
  <testcase classname="test.day2" name="Web2" time="0.003"/>
  <testcase classname="test.day2" name="Web3" time="0.002"/>
  <testcase classname="test.day2" name="Web4" time="0.002"/>
  <testcase classname="test.day4" name="LoginAPICarLoan2" time="0.002"/>
  <testcase classname="test.day4" name="LoginWebCarLoan" time="0.002"/>
  <testcase classname="test.day1" name="Demo" time="0.002"/>
  <testcase classname="test.day1" name="SecondTest" time="0.0">
    <ignored/>
  </testcase> <!-- SecondTest -->
  <testcase classname="test.day4" name="LoginMobCarLoan1" time="0.0">
    <ignored/>
  </testcase> <!-- LoginMobCarLoan1 -->
  <testcase classname="test.day3" name="MobCarLoan3" time="0.0">
    <ignored/>
  </testcase> <!-- MobCarLoan3 -->
</testsuite> <!-- Regression -->
