<?xml version="1.0" encoding="UTF-8"?>
<!-- Generated by org.testng.reporters.JUnitXMLReporter -->
<testsuite ignored="0" hostname="DESKTOP-RATHGTN" failures="1" tests="17" name="Test" time="0.122" errors="0" timestamp="2021-01-25T18:36:10 CET">
  <testcase classname="test.day3" name="MobCarLoan" time="0.007"/>
  <testcase classname="test.day3" name="MobCarLoan2" time="0.0">
    <failure type="org.testng.TestNGException" message="
Parameter &amp;apos;URL&amp;apos; is required by @Test on method MobCarLoan2 but has not been marked @Optional or defined
in E:\Eclipse ID\TESTNGTutorial\testng3.xml">
      <![CDATA[org.testng.TestNGException: 
Parameter 'URL' is required by @Test on method MobCarLoan2 but has not been marked @Optional or defined
in E:\Eclipse ID\TESTNGTutorial\testng3.xml
at java.base/java.util.ArrayList.forEach(ArrayList.java:1540)
... Removed 26 stack frames]]>
    </failure>
  </testcase> <!-- MobCarLoan2 -->
  <testcase classname="test.day3" name="MobCarLoan3" time="0.004"/>
  <testcase classname="test.day3" name="MobCarLoan5" time="0.002"/>
  <testcase classname="test.day3" name="MobCarLoan6" time="0.002"/>
  <testcase classname="test.day3" name="MobCarLoan7" time="0.002"/>
  <testcase classname="test.day3" name="MobCarLoan8" time="0.003"/>
  <testcase classname="test.day3" name="MobCarLoan9" time="0.002"/>
  <testcase classname="test.day2" name="Web1" time="0.001"/>
  <testcase classname="test.day2" name="Web2" time="0.001"/>
  <testcase classname="test.day2" name="Web3" time="0.002"/>
  <testcase classname="test.day2" name="Web4" time="0.002"/>
  <testcase classname="test.day4" name="LoginAPICarLoan2" time="0.002"/>
  <testcase classname="test.day4" name="LoginMobCarLoan1" time="0.002"/>
  <testcase classname="test.day4" name="LoginWebCarLoan" time="0.001"/>
  <testcase classname="test.day1" name="Demo" time="0.001"/>
  <testcase classname="test.day1" name="SecondTest" time="0.002"/>
</testsuite> <!-- Test -->
